0 info it worked if it ends with ok
1 verbose cli [ '/Users/evan/.nvm/versions/node/v5.9.1/bin/node',
1 verbose cli   '/Users/evan/.nvm/versions/node/v5.9.1/bin/npm',
1 verbose cli   'start' ]
2 info using npm@3.7.3
3 info using node@v5.9.1
4 verbose run-script [ 'prestart', 'start', 'poststart' ]
5 info lifecycle actionhero@14.0.3~prestart: actionhero@14.0.3
6 silly lifecycle actionhero@14.0.3~prestart: no script for prestart, continuing
7 info lifecycle actionhero@14.0.3~start: actionhero@14.0.3
8 verbose lifecycle actionhero@14.0.3~start: unsafe-perm in lifecycle true
9 verbose lifecycle actionhero@14.0.3~start: PATH: /Users/evan/.nvm/versions/node/v5.9.1/lib/node_modules/npm/bin/node-gyp-bin:/Users/evan/PROJECTS/actionhero/node_modules/.bin:/Users/evan/.nvm/versions/node/v5.9.1/bin:/usr/local/heroku/bin:/Users/evan/.rbenv/shims:/Users/evan/.rbenv/bin:/Users/evan/.nvm/versions/node/v5.9.1/bin:/usr/local/bin:/usr/bin:/bin:/usr/sbin:/sbin:/usr/local/mysql/bin:/opt/local/bin:/usr/bin:/bin:/usr/sbin:/sbin:/usr/local/bin:/usr/X11/bin:/opt/local/bin:/opt/local/sbin
10 verbose lifecycle actionhero@14.0.3~start: CWD: /Users/evan/PROJECTS/actionhero
11 silly lifecycle actionhero@14.0.3~start: Args: [ '-c', 'node ./bin/actionhero' ]
12 silly lifecycle actionhero@14.0.3~start: Returned: code: 1  signal: null
13 info lifecycle actionhero@14.0.3~start: Failed to exec start script
14 verbose stack Error: actionhero@14.0.3 start: `node ./bin/actionhero`
14 verbose stack Exit status 1
14 verbose stack     at EventEmitter.<anonymous> (/Users/evan/.nvm/versions/node/v5.9.1/lib/node_modules/npm/lib/utils/lifecycle.js:239:16)
14 verbose stack     at emitTwo (events.js:100:13)
14 verbose stack     at EventEmitter.emit (events.js:185:7)
14 verbose stack     at ChildProcess.<anonymous> (/Users/evan/.nvm/versions/node/v5.9.1/lib/node_modules/npm/lib/utils/spawn.js:24:14)
14 verbose stack     at emitTwo (events.js:100:13)
14 verbose stack     at ChildProcess.emit (events.js:185:7)
14 verbose stack     at maybeClose (internal/child_process.js:850:16)
14 verbose stack     at Process.ChildProcess._handle.onexit (internal/child_process.js:215:5)
15 verbose pkgid actionhero@14.0.3
16 verbose cwd /Users/evan/PROJECTS/actionhero/public/ah-resque-ui
17 error Darwin 15.5.0
18 error argv "/Users/evan/.nvm/versions/node/v5.9.1/bin/node" "/Users/evan/.nvm/versions/node/v5.9.1/bin/npm" "start"
19 error node v5.9.1
20 error npm  v3.7.3
21 error code ELIFECYCLE
22 error actionhero@14.0.3 start: `node ./bin/actionhero`
22 error Exit status 1
23 error Failed at the actionhero@14.0.3 start script 'node ./bin/actionhero'.
23 error Make sure you have the latest version of node.js and npm installed.
23 error If you do, this is most likely a problem with the actionhero package,
23 error not with npm itself.
23 error Tell the author that this fails on your system:
23 error     node ./bin/actionhero
23 error You can get information on how to open an issue for this project with:
23 error     npm bugs actionhero
23 error Or if that isn't available, you can get their info via:
23 error     npm owner ls actionhero
23 error There is likely additional logging output above.
24 verbose exit [ 1, true ]
